22:12:25 [INFO] Dataset: qsar-biodeg (clustering MAF init)
22:12:30 [INFO]   Clustering: KMeans fitted, distance_norm computed
22:12:30 [INFO]   distance_norm range: [-0.010, 1.000], mean=0.655
22:12:30 [INFO]   Train: (738, 41), Test: (317, 41), Features: 41
22:12:30 [INFO] ============================================================
22:12:30 [INFO] E1: Rule Source Comparison (clustering init)
22:12:30 [INFO] ============================================================
22:12:43 [INFO]   E1_single_feature: training 125 rules (125 base + 0 mined)...
22:13:02 [INFO]   E1_single_feature: acc=0.729 f1=0.781 auc=0.847 rules=125 time=27.8s
22:13:59 [INFO]   E1_skope_rules: training 380 rules (125 base + 255 mined)...
22:14:32 [INFO]   E1_skope_rules: acc=0.836 f1=0.879 auc=0.911 rules=380 time=78.7s
22:14:44 [INFO]   E1_ripper: training 134 rules (125 base + 9 mined)...
22:14:48 [INFO]   E1_ripper: acc=0.745 f1=0.803 auc=0.832 rules=134 time=14.0s
22:14:57 [INFO]   E1_decision_tree: training 139 rules (125 base + 14 mined)...
22:15:02 [INFO]   E1_decision_tree: acc=0.773 f1=0.822 auc=0.852 rules=139 time=11.4s
22:15:02 [INFO] ============================================================
22:15:02 [INFO] E2: Iterative Uncertainty-Guided Refinement (clustering init)
22:15:02 [INFO] ============================================================
22:15:02 [INFO]   Refiner with SkopeRules (cap=369 total rules)...
22:15:44 [INFO]   SkopeRules: acc=0.852 f1=0.885 rules=125->128 (1 iters) time=39.8s
22:15:44 [INFO]   Refiner with DecisionTree (cap=369 total rules)...
22:16:30 [INFO]   DecisionTree: acc=0.871 f1=0.902 rules=125->128 (1 iters) time=43.2s
22:16:30 [INFO] ============================================================
22:16:30 [INFO] E3: Multi-Source Rule Ensemble (clustering init)
22:16:30 [INFO] ============================================================
22:16:43 [INFO]   single_source: acc=0.729 f1=0.781 rules=125 time=10.7s
22:16:43 [INFO]   Multi-source ensemble...
22:17:12 [INFO]   multi_source: acc=0.770 f1=0.822 rules=153 sources={'base': 125, 'SkopeRulesMiner': 10, 'RipperMiner': 10, 'DecisionTreeMiner': 8} time=25.8s
22:17:12 [INFO] 
22:17:12 [INFO] ========================================================================
22:17:12 [INFO] SUMMARY (clustering MAF init)
22:17:12 [INFO] ========================================================================
22:17:12 [INFO] Method                                 Acc     F1    AUC  Rules   Time
22:17:12 [INFO] ------------------------------------------------------------------------
22:17:12 [INFO]   E1 single_feature                  0.729  0.781  0.847    125  27.8s
22:17:12 [INFO]   E1 skope_rules                     0.836  0.879  0.911    380  78.7s
22:17:12 [INFO]   E1 ripper                          0.745  0.803  0.832    134  14.0s
22:17:12 [INFO]   E1 decision_tree                   0.773  0.822  0.852    139  11.4s
22:17:12 [INFO]   E2 SkopeRules                      0.852  0.885  0.928    128  39.8s
22:17:12 [INFO]   E2 DecisionTree                    0.871  0.902  0.927    128  43.2s
22:17:12 [INFO]   E3 single_source                   0.729  0.781  0.847    125  10.7s
22:17:12 [INFO]   E3 multi_source                    0.770  0.822  0.853    153  25.8s
22:17:12 [INFO] ========================================================================
