22:12:29 [INFO] Dataset: phoneme (clustering MAF init)
22:12:33 [INFO]   Clustering: KMeans fitted, distance_norm computed
22:12:33 [INFO]   distance_norm range: [-0.010, 1.010], mean=0.505
22:12:33 [INFO]   Train: (3782, 5), Test: (1622, 5), Features: 5
22:12:33 [INFO] ============================================================
22:12:33 [INFO] E1: Rule Source Comparison (clustering init)
22:12:33 [INFO] ============================================================
22:12:41 [INFO]   E1_single_feature: training 15 rules (15 base + 0 mined)...
22:13:28 [INFO]   E1_single_feature: acc=0.789 f1=0.854 auc=0.850 rules=15 time=52.8s
22:15:53 [INFO]   E1_skope_rules: training 326 rules (15 base + 311 mined)...
22:17:45 [INFO]   E1_skope_rules: acc=0.844 f1=0.891 auc=0.902 rules=326 time=209.5s
22:18:09 [INFO]   E1_ripper: training 56 rules (15 base + 41 mined)...
22:18:35 [INFO]   E1_ripper: acc=0.806 f1=0.871 auc=0.863 rules=56 time=47.5s
22:18:39 [INFO]   E1_decision_tree: training 29 rules (15 base + 14 mined)...
22:18:47 [INFO]   E1_decision_tree: acc=0.811 f1=0.868 auc=0.882 rules=29 time=11.0s
22:18:47 [INFO] ============================================================
22:18:47 [INFO] E2: Iterative Uncertainty-Guided Refinement (clustering init)
22:18:47 [INFO] ============================================================
22:18:47 [INFO]   Refiner with SkopeRules (cap=45 total rules)...
22:19:26 [INFO]   SkopeRules: acc=0.816 f1=0.871 rules=15->45 (2 iters) time=35.9s
22:19:26 [INFO]   Refiner with DecisionTree (cap=45 total rules)...
22:20:03 [INFO]   DecisionTree: acc=0.831 f1=0.883 rules=15->45 (2 iters) time=34.8s
22:20:03 [INFO] ============================================================
22:20:03 [INFO] E3: Multi-Source Rule Ensemble (clustering init)
22:20:03 [INFO] ============================================================
22:20:14 [INFO]   single_source: acc=0.789 f1=0.854 rules=15 time=10.6s
22:20:14 [INFO]   Multi-source ensemble...
22:20:42 [INFO]   multi_source: acc=0.797 f1=0.858 rules=43 sources={'base': 15, 'SkopeRulesMiner': 10, 'RipperMiner': 10, 'DecisionTreeMiner': 8} time=24.7s
22:20:42 [INFO] 
22:20:42 [INFO] ========================================================================
22:20:42 [INFO] SUMMARY (clustering MAF init)
22:20:42 [INFO] ========================================================================
22:20:42 [INFO] Method                                 Acc     F1    AUC  Rules   Time
22:20:42 [INFO] ------------------------------------------------------------------------
22:20:42 [INFO]   E1 single_feature                  0.789  0.854  0.850     15  52.8s
22:20:42 [INFO]   E1 skope_rules                     0.844  0.891  0.902    326 209.5s
22:20:42 [INFO]   E1 ripper                          0.806  0.871  0.863     56  47.5s
22:20:42 [INFO]   E1 decision_tree                   0.811  0.868  0.882     29  11.0s
22:20:42 [INFO]   E2 SkopeRules                      0.816  0.871  0.890     45  35.9s
22:20:42 [INFO]   E2 DecisionTree                    0.831  0.883  0.892     45  34.8s
22:20:42 [INFO]   E3 single_source                   0.789  0.854  0.850     15  10.6s
22:20:42 [INFO]   E3 multi_source                    0.797  0.858  0.871     43  24.7s
22:20:42 [INFO] ========================================================================
