23:42:43 [INFO] Loading Heart Disease dataset...
23:42:43 [INFO]   Train: (189, 13), Test: (81, 13)
23:42:43 [INFO]   Features: ['age', 'sex', 'chest', 'resting_blood_pressure', 'serum_cholestoral', 'fasting_blood_sugar', 'resting_electrocardiographic_results', 'maximum_heart_rate_achieved', 'exercise_induced_angina', 'oldpeak', 'slope', 'number_of_major_vessels', 'thal']
23:42:43 [INFO] ============================================================
23:42:43 [INFO] E1: Rule Source Comparison
23:42:43 [INFO] ============================================================
23:42:43 [DEBUG]   E1_single_feature: generated 38 base rules
23:42:43 [INFO]   E1_single_feature: training DSGD++ with 38 rules (38 base + 0 mined)...
23:43:08 [INFO]   E1_single_feature: acc=0.654 f1=0.576 auc=0.693 rules=38 time=24.6s
23:43:08 [DEBUG]   Saved 38 rules to experiment_results/heart-disease\rules\E1_single_feature_rules.json
23:43:08 [DEBUG]   E1_skope_rules: generated 38 base rules
23:43:08 [DEBUG]   E1_skope_rules: mining with SkopeRulesMiner...
23:43:22 [DEBUG]   E1_skope_rules: SkopeRulesMiner produced 129 rules
23:43:22 [INFO]   E1_skope_rules: training DSGD++ with 167 rules (38 base + 129 mined)...
23:43:56 [INFO]   E1_skope_rules: acc=0.778 f1=0.769 auc=0.861 rules=167 time=46.3s
23:43:56 [DEBUG]   Saved 167 rules to experiment_results/heart-disease\rules\E1_skope_rules_rules.json
23:43:56 [DEBUG]   E1_ripper: generated 38 base rules
23:43:56 [DEBUG]   E1_ripper: mining with RipperMiner...
23:43:57 [DEBUG]   E1_ripper: RipperMiner produced 0 rules
23:43:57 [INFO]   E1_ripper: training DSGD++ with 38 rules (38 base + 0 mined)...
23:44:06 [INFO]   E1_ripper: acc=0.642 f1=0.554 auc=0.704 rules=38 time=10.1s
23:44:06 [DEBUG]   Saved 38 rules to experiment_results/heart-disease\rules\E1_ripper_rules.json
23:44:06 [DEBUG]   E1_decision_tree: generated 38 base rules
23:44:06 [DEBUG]   E1_decision_tree: mining with DecisionTreeMiner...
23:44:06 [DEBUG]   E1_decision_tree: DecisionTreeMiner produced 13 rules
23:44:06 [INFO]   E1_decision_tree: training DSGD++ with 51 rules (38 base + 13 mined)...
23:44:19 [INFO]   E1_decision_tree: acc=0.679 f1=0.683 auc=0.678 rules=51 time=12.8s
23:44:19 [DEBUG]   Saved 51 rules to experiment_results/heart-disease\rules\E1_decision_tree_rules.json
23:44:19 [INFO]   Saved: experiment_results/heart-disease\E1_rule_source_comparison.json
23:44:19 [INFO] ============================================================
23:44:19 [INFO] E2: Iterative Uncertainty-Guided Refinement
23:44:19 [INFO] ============================================================
23:44:19 [INFO]   Refiner with SkopeRules...
23:56:26 [INFO]   SkopeRules: acc=0.543 f1=0.000 rules=38->1049 (3 iters) time=717.8s
23:56:27 [DEBUG]   Saved 1049 rules to experiment_results/heart-disease\rules\E2_SkopeRules_rules.json
23:56:27 [INFO]   Refiner with DecisionTree...
23:56:53 [INFO]   DecisionTree: acc=0.778 f1=0.735 rules=38->685 (3 iters) time=23.3s
23:56:53 [DEBUG]   Saved 685 rules to experiment_results/heart-disease\rules\E2_DecisionTree_rules.json
23:56:53 [INFO]   Saved: experiment_results/heart-disease\E2_iterative_refinement.json
23:56:53 [INFO] ============================================================
23:56:53 [INFO] E3: Multi-Source Rule Ensemble
23:56:53 [INFO] ============================================================
23:56:53 [DEBUG]   E3_single_source: generated 38 base rules
23:56:53 [INFO]   E3_single_source: training DSGD++ with 38 rules (38 base + 0 mined)...
23:57:05 [INFO]   E3_single_source: acc=0.654 f1=0.576 auc=0.693 rules=38 time=11.9s
23:57:05 [DEBUG]   Saved 38 rules to experiment_results/heart-disease\rules\E3_single_source_rules.json
23:57:05 [INFO]   Multi-source ensemble (SkopeRules + RIPPER + DecisionTree)...
23:57:34 [INFO]   multi_source: acc=0.741 f1=0.741 rules=55 sources={'base': 38, 'SkopeRulesMiner': 10, 'RipperMiner': 0, 'DecisionTreeMiner': 7} time=28.4s
23:57:34 [DEBUG]   Saved 55 rules to experiment_results/heart-disease\rules\E3_multi_source_rules.json
23:57:34 [INFO]   Saved: experiment_results/heart-disease\E3_ensemble.json
23:57:34 [INFO] ============================================================
23:57:34 [INFO] E4: Pruning Pareto Frontier
23:57:34 [INFO] ============================================================
23:57:34 [INFO]   Training base model (ensemble with many rules)...
23:58:11 [INFO]   Base model: 166 rules (36.9s)
23:58:11 [INFO]   Pruning with confidence strategy...
23:58:24 [INFO]     t=0.00: 166 rules, acc=0.704, f1=0.721
23:58:24 [INFO]     t=0.13: 72 rules, acc=0.605, f1=0.600
23:58:24 [INFO]     t=0.26: 35 rules, acc=0.407, f1=0.294
23:58:24 [INFO]     t=0.39: 21 rules, acc=0.457, f1=0.371
23:58:24 [INFO]   Pruning with random strategy...
23:58:39 [INFO]     t=0.00: 166 rules, acc=0.704, f1=0.721
23:58:39 [INFO]     t=0.13: 138 rules, acc=0.704, f1=0.721
23:58:39 [INFO]     t=0.26: 122 rules, acc=0.716, f1=0.736
23:58:39 [INFO]     t=0.39: 105 rules, acc=0.654, f1=0.696
23:58:39 [INFO]   Saved: experiment_results/heart-disease\E4_pruning_pareto.json
23:58:39 [INFO] ============================================================
23:58:39 [INFO] E5: Comparison with Interpretable Baselines
23:58:39 [INFO] ============================================================
23:58:39 [INFO]   Training DecisionTree_d4...
23:58:39 [INFO]   DecisionTree_d4: acc=0.765 f1=0.765 auc=0.827 time=0.0s
23:58:39 [INFO]   Training DecisionTree_d8...
23:58:39 [INFO]   DecisionTree_d8: acc=0.778 f1=0.763 auc=0.774 time=0.0s
23:58:39 [INFO]   Training SkopeRules...
23:58:49 [INFO]   SkopeRules: acc=0.556 f1=0.000 auc=0.887 time=6.4s
23:58:49 [INFO]   Training RuleFit...
23:59:00 [INFO]   RuleFit: acc=0.815 f1=0.783 auc=0.891 time=10.2s
23:59:00 [INFO]   Training GreedyRuleList...
23:59:00 [INFO]   GreedyRuleList: acc=0.704 f1=0.707 auc=0.726 time=0.0s
23:59:00 [INFO]   Training FIGS...
23:59:01 [INFO]   FIGS: acc=0.802 f1=0.784 auc=0.840 time=0.5s
23:59:01 [INFO]   Training RIPPER...
23:59:02 [INFO]   RIPPER: acc=0.802 f1=0.778 time=1.3s
23:59:02 [INFO]   Training BayesianRuleList...
23:59:02 [WARNING]   BayesianRuleList failed: All numeric features must be discretized prior to fitting!
23:59:02 [INFO]   Saved: experiment_results/heart-disease\E5_baselines.json
23:59:02 [INFO] 
23:59:02 [INFO] ========================================================================
23:59:02 [INFO] SUMMARY
23:59:02 [INFO] ========================================================================
23:59:02 [INFO] Method                                 Acc     F1    AUC  Rules   Time
23:59:02 [INFO] ------------------------------------------------------------------------
23:59:02 [INFO]   E1 single_feature                  0.654  0.576  0.693     38  24.6s
23:59:02 [INFO]   E1 skope_rules                     0.778  0.769  0.861    167  46.3s
23:59:02 [INFO]   E1 ripper                          0.642  0.554  0.704     38  10.1s
23:59:02 [INFO]   E1 decision_tree                   0.679  0.683  0.678     51  12.8s
23:59:02 [INFO]   E2 SkopeRules                      0.543  0.000  0.832   1049 717.8s
23:59:02 [INFO]   E2 DecisionTree                    0.778  0.735  0.832    685  23.3s
23:59:02 [INFO]   E3 single_source                   0.654  0.576  0.693     38  11.9s
23:59:02 [INFO]   E3 multi_source                    0.741  0.741  0.817     55  28.4s
23:59:02 [INFO]   E5 DecisionTree_d4                 0.765  0.765  0.827      -   0.0s
23:59:02 [INFO]   E5 DecisionTree_d8                 0.778  0.763  0.774      -   0.0s
23:59:02 [INFO]   E5 SkopeRules                      0.556  0.000  0.887      -   6.4s
23:59:02 [INFO]   E5 RuleFit                         0.815  0.783  0.891      -  10.2s
23:59:02 [INFO]   E5 GreedyRuleList                  0.704  0.707  0.726      -   0.0s
23:59:02 [INFO]   E5 FIGS                            0.802  0.784  0.840      -   0.5s
23:59:02 [INFO]   E5 RIPPER                          0.802  0.778    N/A      -   1.3s
23:59:02 [INFO]   E5 BayesianRuleList                FAILED: All numeric features must be discretized prior to fitting!
23:59:02 [INFO] ========================================================================
