22:12:03 [INFO] Dataset: ionosphere (clustering MAF init)
22:12:07 [INFO]   Clustering: KMeans fitted, distance_norm computed
22:12:07 [INFO]   distance_norm range: [-0.010, 1.000], mean=0.550
22:12:07 [INFO]   Train: (245, 34), Test: (106, 34), Features: 34
22:12:07 [INFO] ============================================================
22:12:07 [INFO] E1: Rule Source Comparison (clustering init)
22:12:07 [INFO] ============================================================
22:12:10 [INFO]   E1_single_feature: training 99 rules (99 base + 0 mined)...
22:12:57 [INFO]   E1_single_feature: acc=0.934 f1=0.950 auc=0.906 rules=99 time=49.3s
22:13:22 [INFO]   E1_skope_rules: training 172 rules (99 base + 73 mined)...
22:13:28 [INFO]   E1_skope_rules: acc=0.924 f1=0.943 auc=0.917 rules=172 time=29.5s
22:13:35 [INFO]   E1_ripper: training 106 rules (99 base + 7 mined)...
22:14:16 [INFO]   E1_ripper: acc=0.924 f1=0.943 auc=0.918 rules=106 time=46.8s
22:14:19 [INFO]   E1_decision_tree: training 106 rules (99 base + 7 mined)...
22:14:41 [INFO]   E1_decision_tree: acc=0.934 f1=0.950 auc=0.915 rules=106 time=24.3s
22:14:41 [INFO] ============================================================
22:14:41 [INFO] E2: Iterative Uncertainty-Guided Refinement (clustering init)
22:14:41 [INFO] ============================================================
22:14:41 [INFO]   Refiner with SkopeRules (cap=306 total rules)...
22:17:18 [INFO]   SkopeRules: acc=0.915 f1=0.937 rules=99->189 (3 iters) time=155.2s
22:17:18 [INFO]   Refiner with DecisionTree (cap=306 total rules)...
22:17:39 [INFO]   DecisionTree: acc=0.915 f1=0.936 rules=99->180 (3 iters) time=20.0s
22:17:39 [INFO] ============================================================
22:17:39 [INFO] E3: Multi-Source Rule Ensemble (clustering init)
22:17:39 [INFO] ============================================================
22:17:51 [INFO]   single_source: acc=0.934 f1=0.950 rules=99 time=12.1s
22:17:51 [INFO]   Multi-source ensemble...
22:18:05 [INFO]   multi_source: acc=0.924 f1=0.943 rules=121 sources={'base': 99, 'SkopeRulesMiner': 10, 'RipperMiner': 7, 'DecisionTreeMiner': 5} time=12.4s
22:18:05 [INFO] 
22:18:05 [INFO] ========================================================================
22:18:05 [INFO] SUMMARY (clustering MAF init)
22:18:05 [INFO] ========================================================================
22:18:05 [INFO] Method                                 Acc     F1    AUC  Rules   Time
22:18:05 [INFO] ------------------------------------------------------------------------
22:18:05 [INFO]   E1 single_feature                  0.934  0.950  0.906     99  49.3s
22:18:05 [INFO]   E1 skope_rules                     0.924  0.943  0.917    172  29.5s
22:18:05 [INFO]   E1 ripper                          0.924  0.943  0.918    106  46.8s
22:18:05 [INFO]   E1 decision_tree                   0.934  0.950  0.915    106  24.3s
22:18:05 [INFO]   E2 SkopeRules                      0.915  0.937  0.889    189 155.2s
22:18:05 [INFO]   E2 DecisionTree                    0.915  0.936  0.921    180  19.9s
22:18:05 [INFO]   E3 single_source                   0.934  0.950  0.906     99  12.1s
22:18:05 [INFO]   E3 multi_source                    0.924  0.943  0.917    121  12.4s
22:18:05 [INFO] ========================================================================
