21:28:14 [INFO] Dataset: pima-diabetes
21:28:14 [INFO]   Train: (537, 8), Test: (231, 8), Features: 8
21:28:14 [INFO] ============================================================
21:28:14 [INFO] E1: Rule Source Comparison
21:28:14 [INFO] ============================================================
21:28:14 [INFO]   E1_single_feature: training 24 rules (24 base + 0 mined)...
21:28:24 [INFO]   E1_single_feature: acc=0.736 f1=0.616 auc=0.788 rules=24 time=9.0s
21:28:27 [INFO]   E1_skope_rules: training 201 rules (24 base + 177 mined)...
21:28:53 [INFO]   E1_skope_rules: acc=0.714 f1=0.577 auc=0.757 rules=201 time=26.7s
21:28:54 [INFO]   E1_ripper: training 31 rules (24 base + 7 mined)...
21:29:01 [INFO]   E1_ripper: acc=0.719 f1=0.575 auc=0.754 rules=31 time=7.2s
21:29:01 [INFO]   E1_decision_tree: training 37 rules (24 base + 13 mined)...
21:29:07 [INFO]   E1_decision_tree: acc=0.736 f1=0.612 auc=0.789 rules=37 time=6.1s
21:29:07 [INFO] ============================================================
21:29:07 [INFO] E2: Iterative Uncertainty-Guided Refinement
21:29:07 [INFO] ============================================================
21:29:07 [INFO]   Refiner with SkopeRules (cap=72 total rules)...
21:29:48 [INFO]   SkopeRules: acc=0.688 f1=0.550 rules=24->72 (2 iters) time=39.8s
21:29:48 [INFO]   Refiner with DecisionTree (cap=72 total rules)...
21:29:59 [INFO]   DecisionTree: acc=0.706 f1=0.570 rules=24->72 (2 iters) time=9.9s
21:29:59 [INFO] ============================================================
21:29:59 [INFO] E3: Multi-Source Rule Ensemble
21:29:59 [INFO] ============================================================
21:30:05 [INFO]   single_source: acc=0.727 f1=0.609 rules=24 time=5.8s
21:30:05 [INFO]   Multi-source ensemble...
21:30:17 [INFO]   multi_source: acc=0.701 f1=0.549 rules=49 sources={'base': 24, 'SkopeRulesMiner': 10, 'RipperMiner': 7, 'DecisionTreeMiner': 8} time=11.7s
21:30:17 [INFO] ============================================================
21:30:17 [INFO] E4: Pruning Pareto Frontier
21:30:17 [INFO] ============================================================
21:30:17 [INFO]   Training base model (ensemble)...
21:30:46 [INFO]   Base model: 182 rules (28.4s)
21:30:46 [INFO]   Pruning: confidence...
21:31:04 [INFO]     t=0.00: 182 rules, acc=0.714
21:31:04 [INFO]     t=0.13: 133 rules, acc=0.701
21:31:04 [INFO]     t=0.26: 84 rules, acc=0.636
21:31:04 [INFO]     t=0.39: 51 rules, acc=0.641
21:31:04 [INFO]   Pruning: random...
21:31:20 [INFO]     t=0.00: 182 rules, acc=0.714
21:31:20 [INFO]     t=0.13: 149 rules, acc=0.727
21:31:20 [INFO]     t=0.26: 132 rules, acc=0.719
21:31:20 [INFO]     t=0.39: 115 rules, acc=0.697
21:31:20 [INFO] ============================================================
21:31:20 [INFO] E5: Interpretable Baselines
21:31:20 [INFO] ============================================================
21:31:20 [INFO]   DecisionTree_d4...
21:31:20 [INFO]   DecisionTree_d4: acc=0.714 f1=0.598 time=0.0s
21:31:20 [INFO]   DecisionTree_d8...
21:31:20 [INFO]   DecisionTree_d8: acc=0.680 f1=0.559 time=0.0s
21:31:20 [INFO]   SkopeRules...
21:31:24 [INFO]   SkopeRules: acc=0.649 f1=0.000 time=2.0s
21:31:24 [INFO]   RuleFit...
21:31:28 [INFO]   RuleFit: acc=0.753 f1=0.578 time=3.7s
21:31:28 [INFO]   GreedyRuleList...
21:31:28 [INFO]   GreedyRuleList: acc=0.723 f1=0.429 time=0.0s
21:31:28 [INFO]   FIGS...
21:31:28 [INFO]   FIGS: acc=0.693 f1=0.503 time=0.1s
21:31:28 [INFO]   RIPPER...
21:31:28 [INFO]   RIPPER: acc=0.723 f1=0.484 time=0.6s
21:31:28 [INFO] 
21:31:28 [INFO] ========================================================================
21:31:28 [INFO] SUMMARY
21:31:28 [INFO] ========================================================================
21:31:28 [INFO] Method                                 Acc     F1    AUC  Rules   Time
21:31:28 [INFO] ------------------------------------------------------------------------
21:31:28 [INFO]   E1 single_feature                  0.736  0.616  0.788     24   9.1s
21:31:28 [INFO]   E1 skope_rules                     0.714  0.577  0.757    201  26.7s
21:31:28 [INFO]   E1 ripper                          0.719  0.575  0.754     31   7.2s
21:31:28 [INFO]   E1 decision_tree                   0.736  0.612  0.789     37   6.1s
21:31:28 [INFO]   E2 SkopeRules                      0.688  0.550  0.778     72  39.8s
21:31:28 [INFO]   E2 DecisionTree                    0.706  0.570  0.784     72   9.9s
21:31:28 [INFO]   E3 single_source                   0.727  0.609  0.787     24   5.8s
21:31:28 [INFO]   E3 multi_source                    0.701  0.549  0.774     49  11.7s
21:31:28 [INFO]   E5 DecisionTree_d4                 0.714  0.598  0.757      -   0.0s
21:31:28 [INFO]   E5 DecisionTree_d8                 0.680  0.559  0.682      -   0.0s
21:31:28 [INFO]   E5 SkopeRules                      0.649  0.000  0.786      -   2.0s
21:31:28 [INFO]   E5 RuleFit                         0.753  0.578  0.798      -   3.7s
21:31:28 [INFO]   E5 GreedyRuleList                  0.723  0.429  0.702      -   0.0s
21:31:28 [INFO]   E5 FIGS                            0.693  0.503  0.722      -   0.1s
21:31:28 [INFO]   E5 RIPPER                          0.723  0.484    N/A      -   0.6s
21:31:28 [INFO] ========================================================================
