22:11:53 [INFO] Dataset: heart-disease (clustering MAF init)
22:11:57 [INFO]   Clustering: KMeans fitted, distance_norm computed
22:11:57 [INFO]   distance_norm range: [-0.010, 1.010], mean=0.524
22:11:57 [INFO]   Train: (189, 13), Test: (81, 13), Features: 13
22:11:57 [INFO] ============================================================
22:11:57 [INFO] E1: Rule Source Comparison (clustering init)
22:11:57 [INFO] ============================================================
22:11:58 [INFO]   E1_single_feature: training 38 rules (38 base + 0 mined)...
22:12:19 [INFO]   E1_single_feature: acc=0.556 f1=0.609 auc=0.667 rules=38 time=21.3s
22:12:37 [INFO]   E1_skope_rules: training 150 rules (38 base + 112 mined)...
22:13:02 [INFO]   E1_skope_rules: acc=0.728 f1=0.761 auc=0.882 rules=150 time=40.9s
22:13:06 [INFO]   E1_ripper: training 43 rules (38 base + 5 mined)...
22:13:31 [INFO]   E1_ripper: acc=0.605 f1=0.610 auc=0.655 rules=43 time=28.7s
22:13:33 [INFO]   E1_decision_tree: training 51 rules (38 base + 13 mined)...
22:13:45 [INFO]   E1_decision_tree: acc=0.765 f1=0.759 auc=0.765 rules=51 time=13.0s
22:13:45 [INFO] ============================================================
22:13:45 [INFO] E2: Iterative Uncertainty-Guided Refinement (clustering init)
22:13:45 [INFO] ============================================================
22:13:45 [INFO]   Refiner with SkopeRules (cap=117 total rules)...
22:15:17 [INFO]   SkopeRules: acc=0.605 f1=0.680 rules=38->117 (3 iters) time=91.2s
22:15:17 [INFO]   Refiner with DecisionTree (cap=117 total rules)...
22:15:33 [INFO]   DecisionTree: acc=0.765 f1=0.725 rules=38->95 (3 iters) time=14.9s
22:15:33 [INFO] ============================================================
22:15:33 [INFO] E3: Multi-Source Rule Ensemble (clustering init)
22:15:33 [INFO] ============================================================
22:15:43 [INFO]   single_source: acc=0.556 f1=0.609 rules=38 time=10.1s
22:15:43 [INFO]   Multi-source ensemble...
22:15:57 [INFO]   multi_source: acc=0.778 f1=0.786 rules=59 sources={'base': 38, 'SkopeRulesMiner': 10, 'RipperMiner': 4, 'DecisionTreeMiner': 7} time=13.7s
22:15:57 [INFO] 
22:15:57 [INFO] ========================================================================
22:15:57 [INFO] SUMMARY (clustering MAF init)
22:15:57 [INFO] ========================================================================
22:15:57 [INFO] Method                                 Acc     F1    AUC  Rules   Time
22:15:57 [INFO] ------------------------------------------------------------------------
22:15:57 [INFO]   E1 single_feature                  0.556  0.609  0.667     38  21.3s
22:15:57 [INFO]   E1 skope_rules                     0.728  0.761  0.882    150  40.9s
22:15:57 [INFO]   E1 ripper                          0.605  0.610  0.655     43  28.7s
22:15:57 [INFO]   E1 decision_tree                   0.765  0.759  0.765     51  13.0s
22:15:57 [INFO]   E2 SkopeRules                      0.605  0.680  0.884    117  91.2s
22:15:57 [INFO]   E2 DecisionTree                    0.765  0.725  0.830     95  14.9s
22:15:57 [INFO]   E3 single_source                   0.556  0.609  0.667     38  10.1s
22:15:57 [INFO]   E3 multi_source                    0.778  0.786  0.837     59  13.7s
22:15:57 [INFO] ========================================================================
